0 info it worked if it ends with ok
1 verbose cli [ 'C:\\Program Files\\nodejs\\node.exe',
1 verbose cli   'C:\\Program Files\\nodejs\\node_modules\\npm\\bin\\npm-cli.js',
1 verbose cli   'run',
1 verbose cli   'dev' ]
2 info using npm@3.10.10
3 info using node@v6.9.4
4 verbose run-script [ 'predev', 'dev', 'postdev' ]
5 info lifecycle elm-adventure@1.0.0~predev: elm-adventure@1.0.0
6 silly lifecycle elm-adventure@1.0.0~predev: no script for predev, continuing
7 info lifecycle elm-adventure@1.0.0~dev: elm-adventure@1.0.0
8 verbose lifecycle elm-adventure@1.0.0~dev: unsafe-perm in lifecycle true
9 verbose lifecycle elm-adventure@1.0.0~dev: PATH: C:\Program Files\nodejs\node_modules\npm\bin\node-gyp-bin;C:\Users\Bob\Documents\code\elm\node_modules\.bin;C:\Program Files\Common Files\Microsoft Shared\Windows Live;C:\Program Files (x86)\Common Files\Microsoft Shared\Windows Live;C:\Program Files (x86)\Common Files\ArcSoft\Bin;C:\Windows\system32;C:\Windows;C:\Windows\System32\Wbem;C:\Windows\System32\WindowsPowerShell\v1.0\;C:\Program Files (x86)\Common Files\Roxio Shared\DLLShared\;C:\Program Files\Microsoft\Web Platform Installer\;c:\Program Files (x86)\Microsoft ASP.NET\ASP.NET Web Pages\v1.0\;C:\Program Files\Microsoft SQL Server\110\Tools\Binn\;C:\Program Files (x86)\Windows Live\Shared;C:\Program Files\Amazon\AWSCLI\;C:\Program Files\Git\cmd;C:\Program Files\nodejs\;C:\Program Files (x86)\Elm Platform\0.18\bin;C:\Program Files (x86)\Microsoft VS Code\bin;C:\Users\Bob\AppData\Roaming\npm
10 verbose lifecycle elm-adventure@1.0.0~dev: CWD: C:\Users\Bob\Documents\code\elm
11 silly lifecycle elm-adventure@1.0.0~dev: Args: [ '/d /s /c', 'lite-server' ]
12 silly lifecycle elm-adventure@1.0.0~dev: Returned: code: 3221225786  signal: null
13 info lifecycle elm-adventure@1.0.0~dev: Failed to exec dev script
14 verbose stack Error: elm-adventure@1.0.0 dev: `lite-server`
14 verbose stack Exit status 3221225786
14 verbose stack     at EventEmitter.<anonymous> (C:\Program Files\nodejs\node_modules\npm\lib\utils\lifecycle.js:255:16)
14 verbose stack     at emitTwo (events.js:106:13)
14 verbose stack     at EventEmitter.emit (events.js:191:7)
14 verbose stack     at ChildProcess.<anonymous> (C:\Program Files\nodejs\node_modules\npm\lib\utils\spawn.js:40:14)
14 verbose stack     at emitTwo (events.js:106:13)
14 verbose stack     at ChildProcess.emit (events.js:191:7)
14 verbose stack     at maybeClose (internal/child_process.js:877:16)
14 verbose stack     at Process.ChildProcess._handle.onexit (internal/child_process.js:226:5)
15 verbose pkgid elm-adventure@1.0.0
16 verbose cwd C:\Users\Bob\Documents\code\elm
17 error Windows_NT 6.1.7601
18 error argv "C:\\Program Files\\nodejs\\node.exe" "C:\\Program Files\\nodejs\\node_modules\\npm\\bin\\npm-cli.js" "run" "dev"
19 error node v6.9.4
20 error npm  v3.10.10
21 error code ELIFECYCLE
22 error elm-adventure@1.0.0 dev: `lite-server`
22 error Exit status 3221225786
23 error Failed at the elm-adventure@1.0.0 dev script 'lite-server'.
23 error Make sure you have the latest version of node.js and npm installed.
23 error If you do, this is most likely a problem with the elm-adventure package,
23 error not with npm itself.
23 error Tell the author that this fails on your system:
23 error     lite-server
23 error You can get information on how to open an issue for this project with:
23 error     npm bugs elm-adventure
23 error Or if that isn't available, you can get their info via:
23 error     npm owner ls elm-adventure
23 error There is likely additional logging output above.
24 verbose exit [ 1, true ]
